2022-06-21 12:34:58,177 - pyswarms.single.global_best - INFO - Optimize for 1000 iters with {'c1': 0.5, 'c2': 0.3, 'w': 0.9}
2022-06-21 12:35:19,826 - pyswarms.single.global_best - INFO - Optimize for 1000 iters with {'c1': 0.5, 'c2': 0.3, 'w': 0.9}
2022-06-21 12:35:47,769 - pyswarms.single.global_best - INFO - Optimize for 1000 iters with {'c1': 0.5, 'c2': 0.3, 'w': 0.9}
2022-06-21 12:37:48,669 - pyswarms.single.global_best - INFO - Optimize for 1000 iters with {'c1': 0.5, 'c2': 0.3, 'w': 0.9}
2022-06-21 12:38:49,676 - pyswarms.single.global_best - INFO - Optimize for 1000 iters with {'c1': 0.5, 'c2': 0.3, 'w': 0.9}
2022-06-26 20:22:18,172 - pyswarms.single.global_best - INFO - Optimize for 100 iters with {'c1': 0.5, 'c2': 0.3, 'w': 0.9}
2022-06-26 20:22:18,228 - pyswarms.single.global_best - INFO - Optimization finished | best cost: 0.11012016571675476, best pos: [ 0.00972142 -0.00149547 -0.02154365 -0.00721319 -0.01480023 -0.03995557
 -0.03030511 -0.01059581  0.02025278 -0.01053548  0.01885414  0.02768734
  0.00687982  0.05074193  0.01446892 -0.00560439 -0.00659762 -0.01856777
  0.01022305 -0.02735936]
2022-06-26 20:22:50,885 - pyswarms.single.global_best - INFO - Optimize for 1000 iters with {'c1': 0.5, 'c2': 0.3, 'w': 0.9}
2022-06-26 20:22:51,274 - pyswarms.single.global_best - INFO - Optimization finished | best cost: 2.1760371282653068e-14, best pos: [-1.37998478e-15 -7.90377182e-15  1.11262171e-15 -2.61765492e-15
  8.26748709e-15 -4.68542884e-15 -1.40886735e-14 -4.20732429e-15
  7.59208182e-16 -8.18875473e-15  9.60371688e-16  3.85836528e-15
 -8.24370335e-15  7.19271011e-16  2.01853793e-15 -7.08688033e-15
  7.66852994e-15 -2.55728157e-16  4.77611381e-15  9.48816057e-16]
2022-06-26 20:29:52,239 - pyswarms.single.global_best - INFO - Optimize for 1000 iters with {'c1': 0.5, 'c2': 0.3, 'w': 0.9}
2022-06-26 20:29:52,619 - pyswarms.single.global_best - INFO - Optimization finished | best cost: 1.4653017513881612, best pos: [-1.80715327e-02 -8.97973758e-03 -2.96231320e-03  3.20772040e-03
 -2.64910920e-06 -8.36157562e-01  1.23959947e-03  2.04948842e-02
 -4.34656280e-04  2.47042128e-02 -4.72374068e-03 -1.05563063e-01
  1.15563336e-03 -2.20904704e-03 -1.06358169e-03 -8.08217332e-01
 -8.72101501e-01  2.23764008e-03  1.24935961e-02 -8.77640897e-03
  4.74179977e-03 -2.34629884e-03 -4.19852130e-05  2.02806271e-03
  1.41683704e-02  1.44151058e-02 -1.61823566e-03  1.28511932e-03
  8.71814767e-01 -6.28480539e-03  9.49077645e-04 -8.89836514e-01
  2.57663055e-03  4.38354967e-03 -4.38784926e-02 -2.37425982e-03
  8.06080552e-01  2.87091139e-04 -1.45458504e-02 -4.30969482e-03]
2022-06-26 20:30:27,693 - pyswarms.single.global_best - INFO - Optimize for 1000 iters with {'c1': 0.5, 'c2': 0.3, 'w': 0.9}
2022-06-26 20:30:28,060 - pyswarms.single.global_best - INFO - Optimization finished | best cost: 1.9288648993630244, best pos: [-9.31820358e-01  9.31607719e-01  8.37735765e-04  3.11525586e-05
  3.94130201e-04  1.66238980e-04  9.31275927e-01 -4.62298857e-04
  9.32910772e-01  9.34596555e-01  9.04702743e-04  3.34125674e-04
  2.83583187e-04 -1.85747553e-05 -4.01230131e-04  4.68849658e-04
  9.31456131e-01 -6.82880069e-04  5.80103158e-04  1.14500921e-03
  9.31489876e-01 -2.94707373e-04  1.45143154e-04 -4.59456597e-07
  6.00230049e-04 -3.12178481e-07  1.12179549e-04  2.95270258e-05
  3.73761161e-04 -2.05158039e-04 -9.95224495e-06 -2.80137770e-04
  9.31294820e-01  4.56088179e-04 -9.32080099e-01 -3.15883159e-04
  9.32550751e-01  9.31885877e-01  1.65071460e-07  2.62892491e-04]
2022-06-26 20:30:39,212 - pyswarms.single.global_best - INFO - Optimize for 1000 iters with {'c1': 0.5, 'c2': 0.3, 'w': 0.9}
2022-06-26 20:30:39,814 - pyswarms.single.global_best - INFO - Optimization finished | best cost: 3.2418981467181998, best pos: [ 1.00982403e+00 -9.35456513e-01 -8.41433907e-01 -3.19267084e-02
 -7.41987510e-02 -8.74950017e-01 -5.58593426e-02  7.49027078e-01
 -1.05668306e-02 -1.80538348e-02 -5.06443893e-03  1.57481580e-01
 -7.35488259e-01 -1.85614632e+00 -1.04168624e+00 -7.06458809e-03
  9.14719149e-04  1.16539010e-01  8.71240240e-01  9.64482640e-01
  9.32270430e-01  9.99487239e-02  1.07980673e-03  1.20116171e-01
  8.13419404e-01 -1.75827853e-02 -8.33804946e-01 -2.46536934e-03
 -3.34166890e-02  5.44478769e-03  4.79934405e-03 -6.53369254e-04
 -3.81030948e-03 -8.90331588e-01  9.41959213e-01 -9.58904156e-01
  8.82303999e-01 -2.08222159e+00  9.94278972e-01  6.44767260e-01
  6.68758015e-02 -7.00953267e-03  3.12066492e-01  8.91588418e-01
 -3.41022875e-02  3.21499752e-01  1.69704015e+00  3.70253332e-03
  2.68655300e-01 -1.64757368e-01 -1.43960354e-02 -5.77569208e-02
 -2.33582772e-02  9.62707626e-01 -8.71176303e-01 -5.55570115e-02
  9.35140698e-01  9.56437792e-01  4.51862684e-03  1.00355787e-01
 -1.00333459e-01 -7.94506325e-05  9.73143553e-01  7.39906712e-03
  1.38405139e-01  9.74658935e-01 -3.18125921e-02  1.22163055e-01
  6.96293012e-01  5.89384539e-02  4.49953012e-01  9.74007882e-01
  9.38326826e-01 -8.96434783e-01 -2.23006141e-01  1.80914563e+00
 -2.22267724e-03 -3.04692119e-03  1.66747270e-02 -9.38179329e-01
  1.71035320e-01 -5.35455344e-03  9.41434261e-04  9.70709529e-01
  9.38104620e-01 -1.53561887e+00  3.18416218e-01  4.20420133e-02
 -9.41056584e-01 -4.29673557e-02 -1.70805085e-01 -2.44003574e-01
 -8.49347246e-02  6.27688040e-02  4.65238074e-01  9.73573554e-01
  4.09762974e-02 -5.25951523e-03 -2.07231155e-02  9.65329251e-01]
2022-06-26 20:30:50,140 - pyswarms.single.global_best - INFO - Optimize for 10000 iters with {'c1': 0.5, 'c2': 0.3, 'w': 0.9}
2022-06-26 20:30:55,750 - pyswarms.single.global_best - INFO - Optimization finished | best cost: 3.6329409682650504, best pos: [-8.97317828e-01  9.53610822e-01 -4.01078312e-03  8.21628035e-01
  2.49343620e-01  2.07870020e-03  1.37745360e-01  9.42181013e-01
 -3.78506926e-01  3.46498293e-03  1.03315765e-01  9.88969991e-01
 -9.61979140e-02  1.92241306e+00  8.37252543e-01  4.70919927e-03
  8.46299952e-01 -1.87813525e+00 -2.49024827e-03 -6.51513600e-02
  9.47872802e-01  1.38129442e-03 -2.20064288e-02  7.60920685e-02
 -8.76879890e-01  8.34464802e-01 -1.24640077e+00  1.14730446e+00
  1.01842871e+00  9.43691306e-01 -1.89468210e+00  3.36666811e-03
  1.07607249e+00  8.91543171e-01  7.86510664e-02 -6.86764652e-01
 -1.00472944e+00 -2.61632342e-02 -7.78687487e-03  1.37145237e-01
  2.69641158e-03 -1.90148878e-01  4.46985458e-01  1.97509804e-02
  2.99826904e-03  4.97316954e-02  2.62326041e-01 -2.75525562e-02
 -7.16655352e-03  1.05010850e-01  9.42382689e-01  5.91410253e-01
  3.58716149e-02  2.76971335e-02  4.07988894e-01  6.32685325e-02
 -8.76811146e-01 -1.01949538e+00 -8.78434004e-01 -3.77650453e-02
 -6.67705922e-01  5.86665394e-01  2.13318439e-02 -1.20929513e-01
 -2.43783502e-01 -1.09132031e-01  1.10120697e+00  5.30232816e-02
  1.97361380e+00 -1.40736814e-02  8.34848024e-04  9.48321369e-01
 -9.42284389e-01  3.47983929e-01  9.38400783e-01 -1.15858858e+00
  2.25494721e-01  5.61078275e-01 -7.32255250e-03  5.73539430e-03
  9.26314220e-01 -1.49717692e-01 -6.87619015e-02 -7.79920523e-01
 -9.04695718e-01  9.03268861e-01  9.42286922e-01  1.87526302e+00
 -2.20564381e-02 -4.32558661e-03  9.58512090e-01 -9.61292756e-01
  2.46899542e-02 -1.68018860e-02 -2.93553696e-01  1.91737699e+00
  7.37492605e-01 -3.63668976e-01  9.36896065e-01  9.81742660e-01]
2022-06-26 20:31:24,958 - pyswarms.single.global_best - INFO - Optimize for 10000 iters with {'c1': 0.5, 'c2': 0.3, 'w': 0.9}
2022-06-26 20:32:24,154 - pyswarms.single.global_best - INFO - Optimization finished | best cost: 2.0080207809170685, best pos: [-1.39939607e-01  4.99503737e-06  9.00480676e-01 -1.08885120e-02
  3.48816490e-02  9.50272389e-01  2.56404263e-02 -6.66994264e-02
 -3.79492458e-02  4.50147092e-02  8.06174277e-03 -2.58678422e-03
  7.49208454e-01  1.12135575e-07  1.55862438e-02  2.53238175e-02
  1.55473442e-02 -1.45484205e-02  8.76199451e-01 -3.65275530e-03
 -6.69847480e-03  8.01189909e-01  1.27571359e-02  8.88581377e-01
 -4.78665167e-03  1.82958303e-03  2.27210803e-02  5.71949140e-02
  7.20098448e-02  2.75049416e-03 -7.80714118e-03  3.49623437e-03
 -5.34452600e-02 -2.66265354e-02  4.27790890e-02  8.36629746e-01
 -7.17158314e-02  7.52922706e-03  1.60260848e-04 -1.00309075e+00
  4.31333630e-02  1.77997014e-02  5.89206349e-01  2.53761387e-01
 -2.13359334e-02  6.96016514e-01  4.24493561e-03  1.47212099e-07
  6.51250509e-04 -1.14759388e-01  3.19796029e-02 -3.21868881e-02
  2.71639117e-02  3.70893365e-02  9.49767216e-01 -3.25918686e-03
 -9.61049775e-02 -8.34218522e-02  8.94885387e-01  6.62145375e-01
 -8.46837669e-01  5.55560323e-03 -2.62708943e-02 -7.35633844e-01
  7.25894254e-03 -1.07485683e-02 -5.47024823e-07  8.55367015e-04
 -2.78619572e-03 -6.72733389e-02  1.81581472e-07  7.45426587e-02
  1.85677983e-02 -2.71853359e-07  9.01413076e-01 -1.34145320e-03
 -1.90748054e-02  6.43311084e-01  9.10336799e-01  2.93928126e-02
 -9.00442605e-01 -4.32947791e-02  6.93258429e-01  6.62590077e-01
  4.52818406e-03  1.54124755e-01 -9.21078568e-01 -5.31794292e-02
 -2.05831638e-02  1.48881519e-01  6.49101511e-03  4.90303828e-02
 -7.21370567e-02  9.25682286e-03 -3.97515442e-03 -4.70361323e-02
 -2.22939284e-03 -1.02535130e-02 -2.44208259e-02 -9.10510708e-01]
2022-06-26 20:40:28,671 - pyswarms.single.global_best - INFO - Optimize for 10000 iters with {'c1': 0.5, 'c2': 0.3, 'w': 0.9}
2022-07-05 18:53:02,619 - pyswarms.single.global_best - INFO - Optimize for 10000 iters with {'c1': 0.5, 'c2': 0.3, 'w': 0.9}
2022-07-05 18:53:29,844 - pyswarms.single.global_best - INFO - Optimize for 10000 iters with {'c1': 0.5, 'c2': 0.3, 'w': 0.9}
2022-07-05 18:55:09,787 - pyswarms.single.global_best - INFO - Optimize for 5000 iters with {'c1': 0.5, 'c2': 0.3, 'w': 0.9}
2022-07-05 18:57:38,056 - pyswarms.single.global_best - INFO - Optimize for 5000 iters with {'c1': 0.5, 'c2': 0.3, 'w': 0.9}
2022-07-05 18:58:02,054 - pyswarms.single.global_best - INFO - Optimize for 5000 iters with {'c1': 0.5, 'c2': 0.3, 'w': 0.9}
2022-07-05 18:58:23,891 - pyswarms.single.global_best - INFO - Optimize for 5000 iters with {'c1': 0.5, 'c2': 0.3, 'w': 0.9}
2022-07-05 22:41:26,263 - pyswarms.single.global_best - INFO - Optimize for 5000 iters with {'c1': 0.5, 'c2': 0.3, 'w': 0.9}
2022-07-05 22:42:56,208 - pyswarms.single.global_best - INFO - Optimize for 5000 iters with {'c1': 0.5, 'c2': 0.3, 'w': 0.9}
2022-07-07 11:58:36,034 - pyswarms.single.global_best - INFO - Optimize for 1000 iters with {'c1': 0.5, 'c2': 0.3, 'w': 0.9}
2022-07-07 11:58:36,985 - pyswarms.single.global_best - INFO - Optimization finished | best cost: 40.42421020386848, best pos: [ 5.01755825e-02 -5.48763920e-03 -2.83646939e-04  9.93494392e-01
 -7.54070957e-05  1.98038602e+00 -1.90856804e-04  9.94848422e-01
 -8.30687762e-04  1.02889640e+00 -2.94347441e-02  9.95355065e-01
 -8.21554470e-04 -9.94129508e-01  9.93674226e-01  2.76376840e-03
 -3.35548492e-02  9.94195164e-01  4.34841990e-03  1.98315466e+00
 -1.01851841e-03 -9.87551628e-01  9.94935810e-01 -9.95516760e-01
 -1.01043973e+00 -5.23254070e-02 -1.74760481e-04  9.91222021e-01
  4.48445155e-02 -1.98956539e+00  9.92650223e-02  3.33976503e-04
  5.62084369e-03 -4.20084276e-05  4.66970423e-04  9.77303449e-01
 -1.98117153e-03  1.02735579e+00 -4.13540262e-03 -9.92705049e-01
 -9.58762170e-01  1.98658675e+00 -9.95668146e-01  9.96169470e-01
  8.93026196e-06  5.62855834e-05  9.41032669e-03  9.95085894e-01
 -9.96887774e-01 -3.02933247e-04]
2022-07-07 11:58:45,564 - pyswarms.single.global_best - INFO - Optimize for 10000 iters with {'c1': 0.5, 'c2': 0.3, 'w': 0.9}
2022-07-07 11:58:54,829 - pyswarms.single.global_best - INFO - Optimization finished | best cost: 36.813475084081574, best pos: [-1.98990984e+00 -9.94956869e-01  9.94944132e-01 -4.89906794e-08
 -1.91609536e-06 -1.78895206e-06  9.94958952e-01  9.94961826e-01
 -9.94958806e-01  9.94957403e-01  9.94960478e-01  9.94962433e-01
 -8.07324571e-07 -9.94958482e-01  2.18570607e-06 -2.01408104e-06
  1.98978885e+00 -1.00895455e-06 -9.94958712e-01  2.45561259e-07
  9.94954818e-01 -1.98991313e+00  9.94958690e-01  9.94957146e-01
  8.98875776e-05 -1.35198439e-06 -4.96136730e-07  3.15024925e-06
 -1.62474959e-07 -9.94954602e-01 -9.94960515e-01 -9.47797485e-07
  9.94959098e-01 -9.94961443e-01  1.75867558e-07  9.94957813e-01
 -9.94959305e-01  4.73329382e-06 -9.94955991e-01  9.94959698e-01
 -9.94962262e-01 -9.94959038e-01 -9.94943637e-01 -1.58308905e-06
  9.94959386e-01 -4.16591139e-05  1.92559794e-06 -1.04686126e-07
  4.07185229e-06 -2.33015219e-06]
2022-07-07 11:58:58,720 - pyswarms.single.global_best - INFO - Optimize for 10000 iters with {'c1': 0.5, 'c2': 0.3, 'w': 0.9}
2022-07-07 11:59:26,401 - pyswarms.single.global_best - INFO - Optimization finished | best cost: 24.87640392620824, best pos: [ 9.94931915e-01  9.94958633e-01 -1.64844046e-04  1.56766645e-04
  8.82191028e-05  7.08658974e-04  9.95347533e-01  7.38964052e-05
 -9.94957869e-01  9.94962538e-01 -6.96565158e-09 -3.58655280e-05
 -1.25142870e-05  3.76725392e-09 -9.94960016e-01  9.94958965e-01
  9.94963309e-01 -9.94959143e-01 -1.87916744e-06 -9.94962115e-01
 -2.51337730e-03  1.48050539e-05  2.13783874e-05  9.95037890e-01
  7.52685332e-07  9.94979493e-01  9.94955878e-01  2.50645216e-05
 -1.76697161e-04  1.98991160e+00 -2.98961169e-05 -9.94918875e-01
 -6.19562021e-06  9.94948354e-01 -8.55834547e-05  3.15286090e-07
 -7.43591224e-09  9.94989429e-01  9.94939036e-01 -2.12993117e-03
  5.91322774e-05  9.94959670e-01  9.94956237e-01 -2.11098967e-07
 -9.95752939e-01  5.05271519e-05  9.94956366e-01 -4.84033854e-10
 -8.56821872e-07 -4.07276245e-09]
2022-07-07 11:59:30,306 - pyswarms.single.global_best - INFO - Optimize for 10000 iters with {'c1': 0.5, 'c2': 0.3, 'w': 0.9}
2022-07-07 11:59:55,156 - pyswarms.single.global_best - INFO - Optimize for 10000 iters with {'c1': 0.5, 'c2': 0.3, 'w': 0.9}
2022-07-07 12:00:20,252 - pyswarms.single.global_best - INFO - Optimize for 10000 iters with {'c1': 0.5, 'c2': 0.3, 'w': 0.9}
2022-07-07 12:01:53,019 - pyswarms.single.global_best - INFO - Optimize for 10000 iters with {'c1': 0.5, 'c2': 0.3, 'w': 0.9}
2022-07-07 12:01:58,979 - pyswarms.single.global_best - INFO - Optimization finished | best cost: 0.0, best pos: [-6.94110426e-10 -3.01445553e-09 -4.16761869e-10 -2.06367822e-09
  3.66041048e-09 -9.34612920e-10 -4.17392289e-09 -5.24325537e-09
 -4.29695626e-09 -2.64997990e-09]
2022-07-07 12:02:03,670 - pyswarms.single.global_best - INFO - Optimize for 1000 iters with {'c1': 0.5, 'c2': 0.3, 'w': 0.9}
2022-07-07 12:02:04,314 - pyswarms.single.global_best - INFO - Optimization finished | best cost: 1.9899181141865796, best pos: [ 2.11178218e-09  8.28182629e-10 -2.56789197e-09 -1.36358820e-09
  9.63523679e-10 -9.94958638e-01  9.94958639e-01 -1.10361517e-09
 -4.06228027e-09 -3.33322723e-09]
2022-07-07 12:02:14,123 - pyswarms.single.global_best - INFO - Optimize for 1000 iters with {'c1': 0.5, 'c2': 0.3, 'w': 0.9}
2022-07-07 12:02:14,717 - pyswarms.single.global_best - INFO - Optimization finished | best cost: 0.0, best pos: [-2.63871251e-10  1.70674644e-09 -4.53368175e-09  5.10488156e-09
 -2.28678233e-10 -4.94912295e-09 -3.70155245e-09  1.31681074e-09
  2.81767215e-09 -5.19209815e-09]
2022-07-07 12:02:24,660 - pyswarms.single.global_best - INFO - Optimize for 1000 iters with {'c1': 0.5, 'c2': 0.3, 'w': 0.9}
2022-07-07 12:02:25,093 - pyswarms.single.global_best - INFO - Optimization finished | best cost: 2.9848771712798623, best pos: [ 1.41519225e-09  1.19687786e-10  9.94958637e-01  9.36125361e-10
  9.94958635e-01 -1.05930890e-09  1.20949107e-09  3.07430715e-09
  3.69334707e-09  9.94958637e-01]
2022-07-07 12:02:28,750 - pyswarms.single.global_best - INFO - Optimize for 1000 iters with {'c1': 0.5, 'c2': 0.3, 'w': 0.9}
2022-07-07 12:02:29,113 - pyswarms.single.global_best - INFO - Optimization finished | best cost: 1.9899181141865938, best pos: [-7.94152249e-10  1.63729210e-09  9.94958636e-01 -5.55027113e-10
  5.77008949e-10  2.07984941e-09 -3.54750044e-09 -9.16452001e-09
  9.94958637e-01  5.74589149e-09]
2022-07-07 12:02:34,540 - pyswarms.single.global_best - INFO - Optimize for 10000 iters with {'c1': 0.5, 'c2': 0.3, 'w': 0.9}
2022-07-07 12:02:38,184 - pyswarms.single.global_best - INFO - Optimization finished | best cost: 0.0, best pos: [-4.01750529e-09 -3.15988792e-09  4.80445985e-10 -3.65905887e-09
 -3.44438761e-09  7.67493320e-10 -2.42340600e-09 -5.73699593e-10
  4.38941286e-09  1.80413920e-09]
2022-07-07 12:02:41,601 - pyswarms.single.global_best - INFO - Optimize for 10000 iters with {'c1': 0.5, 'c2': 0.3, 'w': 0.9}
2022-07-07 12:02:45,314 - pyswarms.single.global_best - INFO - Optimization finished | best cost: 2.9848771712798623, best pos: [ 9.94958636e-01  9.48629415e-10  8.69384717e-10  9.94958637e-01
  9.94958637e-01 -6.70434701e-10 -1.23326154e-09  4.51818301e-10
 -1.16640511e-09 -4.30310375e-09]
2022-07-07 12:02:47,235 - pyswarms.single.global_best - INFO - Optimize for 10000 iters with {'c1': 0.5, 'c2': 0.3, 'w': 0.9}
2022-07-07 12:02:48,457 - pyswarms.single.global_best - INFO - Optimize for 10000 iters with {'c1': 0.5, 'c2': 0.3, 'w': 0.9}
2022-07-07 12:02:52,158 - pyswarms.single.global_best - INFO - Optimization finished | best cost: 0.9949590570932969, best pos: [-9.94958637e-01 -5.21364720e-10 -3.31350204e-09  3.52102311e-10
 -1.78786082e-09  2.64657683e-10  6.38374568e-09  4.42898782e-09
 -9.40633936e-10 -2.16687742e-09]
2022-07-07 12:02:57,269 - pyswarms.single.global_best - INFO - Optimize for 10000 iters with {'c1': 0.5, 'c2': 0.3, 'w': 0.9}
2022-07-07 12:03:01,024 - pyswarms.single.global_best - INFO - Optimization finished | best cost: 1.9899181141865796, best pos: [-3.55320994e-10 -9.94958638e-01 -1.25562602e-09 -2.24021861e-10
  9.94958637e-01 -5.36955791e-10 -2.51914823e-09 -1.47883645e-09
 -5.24727341e-09 -4.37115326e-09]
2022-07-07 12:03:27,648 - pyswarms.single.global_best - INFO - Optimize for 10000 iters with {'c1': 0.5, 'c2': 0.3, 'w': 0.9}
2022-07-07 12:03:31,377 - pyswarms.single.global_best - INFO - Optimization finished | best cost: 3.9968028886505635e-15, best pos: [-3.16615170e-16 -1.33040936e-15  5.05385916e-16 -2.83038703e-15
 -1.21814794e-15 -1.28350714e-15  7.94616358e-16 -3.38347105e-16
  5.97468288e-16 -2.05974001e-15]
2022-07-07 12:03:39,082 - pyswarms.single.global_best - INFO - Optimize for 1000 iters with {'c1': 0.5, 'c2': 0.3, 'w': 0.9}
2022-07-07 12:03:39,551 - pyswarms.single.global_best - INFO - Optimization finished | best cost: 3.9968028886505635e-15, best pos: [ 1.26954142e-15 -1.14221938e-16 -1.07089537e-15  2.13207085e-15
  5.77408314e-16  3.71363831e-16  2.42538850e-15 -3.68924513e-16
  2.77937611e-16  1.82224883e-15]
2022-07-07 12:05:54,190 - pyswarms.single.global_best - INFO - Optimize for 1000 iters with {'c1': 0.5, 'c2': 0.3, 'w': 0.9}
2022-07-07 12:05:54,640 - pyswarms.single.global_best - INFO - Optimization finished | best cost: 3.9968028886505635e-15, best pos: [-7.12860369e-16 -2.49793293e-15 -1.87365704e-15 -7.19358020e-16
 -2.94736609e-16 -4.73996508e-16 -1.56078336e-16  2.03924303e-15
 -7.41087210e-16 -1.71799670e-15]
